<?xml version='1.0' encoding='UTF-8' ?>
<testsuite name="com.example.android.twoactivities.ExampleInstrumentedTest" tests="2" failures="0" errors="0" skipped="0" time="4.134" timestamp="2022-10-31T08:53:56" hostname="localhost">
  <properties>
    <property name="device" value="Pixel_5_API_31(AVD) - 12" />
    <property name="flavor" value="" />
    <property name="project" value=":app" />
  </properties>
  <testcase name="activityLaunch" classname="com.example.android.twoactivities.ExampleInstrumentedTest" time="1.57" />
  <testcase name="textInputOutput" classname="com.example.android.twoactivities.ExampleInstrumentedTest" time="2.01" />
</testsuite>